<?xml version="1.0" encoding="UTF-8"?>
<!-- Generated by org.testng.reporters.JUnitReportReporter -->
<testsuite hostname="Rakesh-Nishis-MacBook-Pro.local" failures="0" tests="1" name="Selenium.RegisterSelenium" time="6.541" errors="0" timestamp="2022-05-16T22:36:52 EDT" skipped="0">
  <testcase classname="Selenium.RegisterSelenium" name="register" time="6.541"/>
</testsuite> <!-- Selenium.RegisterSelenium -->
