<?xml version="1.0" encoding="UTF-8"?>
<!-- Generated by org.testng.reporters.JUnitReportReporter -->
<testsuite hostname="Rakesh-Nishis-MacBook-Pro.local" failures="0" tests="2" name="Selenium.LoginSelenium" time="0.896" errors="0" timestamp="2022-05-16T17:55:05 EDT" skipped="0">
  <testcase classname="Selenium.LoginSelenium" name="login" time="0.205"/>
  <testcase classname="Selenium.LoginSelenium" name="homePageTitle" time="0.691"/>
</testsuite> <!-- Selenium.LoginSelenium -->
