<?xml version="1.0" encoding="UTF-8"?>
<!-- Generated by org.testng.reporters.JUnitReportReporter -->
<testsuite hostname="Rakesh-Nishis-MacBook-Pro.local" failures="1" tests="1" name="testCases.ArrayClass" time="0.000" errors="0" timestamp="11 May 2022 05:40:41 GMT">
  <testcase classname="testCases.ArrayClass" name="arrayPageSelection" time="0.000"/>
</testsuite> <!-- testCases.ArrayClass -->
