<?xml version="1.0" encoding="UTF-8"?>
<!-- Generated by org.testng.reporters.JUnitReportReporter -->
<testsuite hostname="Rakesh-Nishis-MacBook-Pro.local" failures="0" tests="2" name="testCases.Register" time="21.133" errors="0" timestamp="11 May 2022 00:46:45 GMT">
  <testcase classname="testCases.Register" name="register" time="17.614"/>
  <testcase classname="testCases.Register" name="register" time="3.519"/>
</testsuite> <!-- testCases.Register -->
