<?xml version="1.0" encoding="UTF-8"?>
<!-- Generated by org.testng.reporters.JUnitReportReporter -->
<testsuite hostname="Rakesh-Nishis-MacBook-Pro.local" failures="0" tests="1" name="Selenium.TryEditor" time="1.258" errors="0" timestamp="2022-05-15T11:24:24 EDT" skipped="0">
  <testcase classname="Selenium.TryEditor" name="writeCode" time="1.258"/>
</testsuite> <!-- Selenium.TryEditor -->
